<?xml version="1.0" encoding="UTF-8"?>
<testsuite xmlns:xsi="http://www.w3.org/2001/XMLSchema-instance" xsi:noNamespaceSchemaLocation="https://maven.apache.org/surefire/maven-surefire-plugin/xsd/surefire-test-report-3.0.xsd" version="3.0" name="RestAssured.RestAssuredProject.TestRESTAPI" time="3.027" tests="2" errors="0" skipped="0" failures="0">
  <properties>
[...]
</properties>
  <testcase name="testAPI" classname="RestAssured.RestAssuredProject.TestRESTAPI" time="1.906">
    <system-out><![CDATA[200
1193
]]></system-out>
  </testcase>
  <testcase name="testlistUserAPI" classname="RestAssured.RestAssuredProject.TestRESTAPI" time="0.549">
    <system-out><![CDATA[200
543
]]></system-out>
  </testcase>
</testsuite>