<?xml version="1.0" encoding="UTF-8"?>
<testng-results ignored="0" total="2" passed="2" failed="0" skipped="0">
  <reporter-output>
  </reporter-output>
  <suite started-at="2024-04-27T23:28:03 IST" name="Default suite" finished-at="2024-04-27T23:28:06 IST" duration-ms="3473">
    <groups>
    </groups>
    <test started-at="2024-04-27T23:28:03 IST" name="Default test" finished-at="2024-04-27T23:28:06 IST" duration-ms="3473">
      <class name="AuthExample.OAuth2Example">
        <test-method signature="getAccessToken()[pri:0, instance:AuthExample.OAuth2Example@2053d869]" started-at="2024-04-27T23:28:03 IST" name="getAccessToken" finished-at="2024-04-27T23:28:06 IST" duration-ms="2934" status="PASS">
          <reporter-output>
          </reporter-output>
        </test-method> <!-- getAccessToken -->
        <test-method signature="oAuthTest()[pri:0, instance:AuthExample.OAuth2Example@2053d869]" started-at="2024-04-27T23:28:06 IST" name="oAuthTest" finished-at="2024-04-27T23:28:06 IST" depends-on-methods="AuthExample.OAuth2Example.getAccessToken" duration-ms="488" status="PASS">
          <reporter-output>
          </reporter-output>
        </test-method> <!-- oAuthTest -->
      </class> <!-- AuthExample.OAuth2Example -->
    </test> <!-- Default test -->
  </suite> <!-- Default suite -->
</testng-results>
